
Red team myTeam with {}:
Loading Team: myTeam.py
Arguments: {}

Blue team baselineTeam with {}:
Loading Team: baselineTeam.py
Arguments: {}
Red team starts
[(7, 8), (7, 8)]
[(7, 8), (7, 8)]
[(7, 8), (7, 8)]
[(7, 8), (7, 8)]
[(7, 8), (7, 8)]
[(7, 8), (7, 8)]
[(7, 8), (7, 8)]
[(7, 8), (7, 8)]
[(7, 8), (7, 8)]
[(7, 8), (7, 8)]
[(7, 8), (7, 8)]
[(7, 8), (7, 8)]
[(7, 8), (7, 8)]
[(7, 8), (7, 8)]
[(7, 8), (7, 8)]
[(7, 8), (7, 8)]
[(7, 8), (7, 8)]
[(7, 8), (7, 8)]
[(7, 8), (7, 8)]
[(7, 8), (7, 8)]
[(7, 8), (7, 8)]
[(7, 8), (7, 8)]
[(7, 8), (7, 8)]
[(7, 8), (7, 8)]
[(7, 8), (7, 8)]
[(7, 8), (7, 8)]
[(7, 8), (7, 8)]
[(7, 8), (7, 8)]
[(7, 8), (7, 8)]
[(7, 8), (7, 8)]
[(7, 8), (7, 8)]
[(7, 8), (7, 8)]
[(7, 8), (7, 8)]
[(7, 8), (7, 8)]
[(7, 8), (7, 8)]
[(7, 8), (7, 8)]
[(7, 8), (7, 8)]
[(7, 8), (7, 8)]
[(7, 8), (7, 8)]
[(7, 8), (7, 8)]
[(7, 8), (7, 8)]
[(7, 8), (7, 8)]
[(7, 8), (7, 8)]
[(7, 8), (7, 8)]
[(7, 8), (7, 8)]
[(7, 8), (7, 8)]
[(7, 8), (7, 8)]
[(7, 8), (7, 8)]
[(7, 8), (7, 8)]
[(7, 8), (7, 8)]
[(7, 8), (7, 8)]
[(7, 8), (7, 8)]
[(7, 8), (7, 8)]
[(7, 8), (7, 8)]
[(7, 8), (7, 8)]
[(7, 8), (7, 8)]
[(7, 8), (7, 8)]
[(7, 8), (7, 8)]
[(7, 8), (7, 8)]
[(7, 8), (7, 8)]
[(7, 8), (7, 8)]
[(7, 8), (7, 8)]
[(7, 8), (7, 8)]
[(7, 8), (7, 8)]
[(7, 8), (7, 8)]
[(7, 8), (7, 8)]
[(7, 8), (7, 8)]
[(7, 8), (7, 8)]
[(7, 8), (7, 8)]
[(7, 8), (7, 8)]
[(7, 8), (7, 8)]
[(7, 8), (7, 8)]
[(7, 8), (7, 8)]
[(7, 8), (7, 8)]
[(7, 8), (7, 8)]
[(7, 8), (7, 8)]
[(7, 8), (7, 8)]
[(7, 8), (7, 8)]
[(7, 8), (7, 8)]
[(7, 8), (7, 8)]
[(7, 8), (7, 8)]
[(7, 8), (7, 8)]
[(7, 8), (7, 8)]
[(7, 8), (7, 8)]
[(7, 8), (7, 8)]
[(7, 8), (7, 8)]
[(7, 8), (7, 8)]
[(7, 8), (7, 8)]
[(7, 8), (7, 8)]
[(7, 8), (7, 8)]
[(7, 8), (7, 8)]
[(7, 8), (7, 8)]
[(7, 8), (7, 8)]
[(7, 8), (7, 8)]
[(7, 8), (7, 8)]
[(7, 8), (7, 8)]
[(7, 8), (7, 8)]
[(7, 8), (7, 8)]
[(7, 8), (7, 8)]
[(7, 8), (7, 8)]
[(7, 8), (7, 8)]
[(7, 8), (7, 8)]
[(7, 8), (7, 8)]
[(7, 8), (7, 8)]
[(7, 8), (7, 8)]
[(7, 8), (7, 8)]
[(7, 8), (7, 8)]
[(7, 8), (7, 8)]
[(7, 8), (7, 8)]
[(7, 8), (7, 8)]
[(7, 8), (7, 8)]
[(7, 8), (7, 8)]
[(7, 8), (7, 8)]
[(7, 8), (7, 8)]
[(7, 8), (7, 8)]
[(7, 8), (7, 8)]
[(7, 8), (7, 8)]
[(7, 8), (7, 8)]
[(7, 8), (7, 8)]
[(7, 8), (7, 8)]
[(7, 8), (7, 8)]
[(7, 8), (7, 8)]
[(7, 8), (7, 8)]
[(7, 8), (7, 8)]
[(7, 8), (7, 8)]
[(7, 8), (7, 8)]
[(7, 8), (7, 8)]
[(7, 8), (7, 8)]
[(7, 8), (7, 8)]
[(7, 8), (7, 8)]
[(7, 8), (7, 8)]
[(7, 8), (7, 8)]
[(7, 8), (7, 8)]
[(7, 8), (7, 8)]
[(7, 8), (7, 8)]
[(7, 8), (7, 8)]
[(7, 8), (7, 8)]
[(7, 8), (7, 8)]
[(7, 8), (7, 8)]
[(7, 8), (7, 8)]
[(7, 8), (7, 8)]
[(7, 8), (7, 8)]
[(7, 8), (7, 8)]
[(7, 8), (7, 8)]
[(7, 8), (7, 8)]
[(7, 8), (7, 8)]
[(7, 8), (7, 8)]
[(7, 8), (7, 8)]
[(7, 8), (7, 8)]
[(7, 8), (7, 8)]
[(7, 8), (7, 8)]
[(7, 8), (7, 8)]
[(7, 8), (7, 8)]
[(7, 8), (7, 8)]
[(7, 8), (7, 8)]
[(7, 8), (7, 8)]
[(7, 8), (7, 8)]
[(7, 8), (7, 8)]
[(7, 8), (7, 8)]
[(7, 8), (7, 8)]
[(7, 8), (7, 8)]
[(7, 8), (7, 8)]
[(7, 8), (7, 8)]
[(7, 8), (7, 8)]
[(7, 8), (7, 8)]
[(7, 8), (7, 8)]
[(7, 8), (7, 8)]
[(7, 8), (7, 8)]
[(7, 8), (7, 8)]
[(7, 8), (7, 8)]
[(7, 8), (7, 8)]
[(7, 8), (7, 8)]
[(7, 8), (7, 8)]
[(7, 8), (7, 8)]
[(7, 8), (7, 8)]
[(7, 8), (7, 8)]
[(7, 8), (7, 8)]
[(7, 8), (7, 8)]
[(7, 8), (7, 8)]
[(7, 8), (7, 8)]
[(7, 8), (7, 8)]
[(7, 8), (7, 8)]
[(7, 8), (7, 8)]
[(7, 8), (7, 8)]
[(7, 8), (7, 8)]
[(7, 8), (7, 8)]
[(7, 8), (7, 8)]
[(7, 8), (7, 8)]
[(7, 8), (7, 8)]
[(7, 8), (7, 8)]
[(7, 8), (7, 8)]
[(7, 8), (7, 8)]
[(7, 8), (7, 8)]
[(7, 8), (7, 8)]
[(7, 8), (7, 8)]
[(7, 8), (7, 8)]
[(7, 8), (7, 8)]
[(7, 8), (7, 8)]
[(7, 8), (7, 8)]
[(7, 8), (7, 8)]
[(7, 8), (7, 8)]
[(7, 8), (7, 8)]
[(7, 8), (7, 8)]
[(7, 8), (7, 8)]
[(7, 8), (7, 8)]
[(7, 8), (7, 8)]
[(7, 8), (7, 8)]
[(7, 8), (7, 8)]
[(7, 8), (7, 8)]
[(7, 8), (7, 8)]
[(7, 8), (7, 8)]
[(7, 8), (7, 8)]
[(7, 8), (7, 8)]
[(7, 8), (7, 8)]
[(7, 8), (7, 8)]
[(7, 8), (7, 8)]
[(7, 8), (7, 8)]
